=== Memory Archive 2026-02-26 19:00 CST ===
--- G workspace ---
--- ĺ•ľĺ•ľ workspace ---
=== Done ===
=== Memory Archive 2026-02-27 19:00 CST ===
--- G workspace ---
--- ĺ•ľĺ•ľ workspace ---
=== Done ===
=== Memory Archive 2026-02-28 19:00 CST ===
--- G workspace ---
--- ĺ•ľĺ•ľ workspace ---
=== Done ===
=== Memory Archive 2026-03-01 19:00 CST ===
--- G workspace ---
--- ĺ•ľĺ•ľ workspace ---
=== Done ===
=== Memory Archive 2026-03-02 19:00 CST ===
--- G workspace ---
--- ĺ•ľĺ•ľ workspace ---
Archived: /root/.openclaw/workspace/memory/2026-02-22.md â†’ /root/.openclaw/workspace/archive/2026-02-22.md
=== Done ===
=== Memory Archive 2026-03-03 19:00 CST ===
--- G workspace ---
--- ĺ•ľĺ•ľ workspace ---
Archived: /root/.openclaw/workspace/memory/2026-02-23.md â†’ /root/.openclaw/workspace/archive/2026-02-23.md
=== Done ===
=== Memory Archive 2026-03-04 19:00 CST ===
--- G workspace ---
Archived: /root/.openclaw/workspace-g/memory/2026-02-24.md â†’ /root/.openclaw/workspace-g/archive/2026-02-24.md
--- ĺ•ľĺ•ľ workspace ---
Archived: /root/.openclaw/workspace/memory/2026-02-24.md â†’ /root/.openclaw/workspace/archive/2026-02-24.md
=== Done ===
=== Memory Archive 2026-03-05 19:00 CST ===
--- G workspace ---
Archived: /root/.openclaw/workspace-g/memory/2026-02-25.md â†’ /root/.openclaw/workspace-g/archive/2026-02-25.md
--- ĺ•ľĺ•ľ workspace ---
Archived: /root/.openclaw/workspace/memory/2026-02-25.md â†’ /root/.openclaw/workspace/archive/2026-02-25.md
=== Done ===
=== Memory Archive 2026-03-06 19:00 CST ===
--- G workspace ---
Archived: /root/.openclaw/workspace-g/memory/2026-02-26.md â†’ /root/.openclaw/workspace-g/archive/2026-02-26.md
--- ĺ•ľĺ•ľ workspace ---
Archived: /root/.openclaw/workspace/memory/2026-02-26.md â†’ /root/.openclaw/workspace/archive/2026-02-26.md
=== Done ===
=== Memory Archive 2026-03-07 19:00 CST ===
--- G workspace ---
Archived: /root/.openclaw/workspace-g/memory/2026-02-27.md â†’ /root/.openclaw/workspace-g/archive/2026-02-27.md
--- ĺ•ľĺ•ľ workspace ---
Archived: /root/.openclaw/workspace/memory/2026-02-27.md â†’ /root/.openclaw/workspace/archive/2026-02-27.md
=== Done ===
