[G fb14220] [20260224_2000] [memory] [scripts] 新增2个文件(2026-02-24.md等)
 2 files changed, 25 insertions(+)
 create mode 100644 memory/2026-02-24.md
 create mode 100644 scripts/backup.log
To github.com:Mv-Victor/openclaw-bak.git
   de02ab9..fb14220  G -> G
[G 4016d9c] [20260224_2005] [scripts] 修改1个文件(backup.log等)
 1 file changed, 6 insertions(+)
To github.com:Mv-Victor/openclaw-bak.git
   fb14220..4016d9c  G -> G
[G f4b8512] [20260224_2010] [scripts] 修改1个文件(backup.log等)
 1 file changed, 4 insertions(+)
To github.com:Mv-Victor/openclaw-bak.git
   4016d9c..f4b8512  G -> G
[G 4053471] [20260224_2015] [scripts] 修改1个文件(backup.log等)
 1 file changed, 4 insertions(+)
To github.com:Mv-Victor/openclaw-bak.git
   f4b8512..4053471  G -> G
[G 0a2cd32] [20260224_2020] [scripts] 修改1个文件(backup.log等)
 1 file changed, 4 insertions(+)
To github.com:Mv-Victor/openclaw-bak.git
   4053471..0a2cd32  G -> G
